<?xml version="1.0" encoding="UTF-8"?>
<!-- Generated by org.testng.reporters.JUnitReportReporter -->
<testsuite hostname="CGLDLVD2XCM9FPW.local" failures="0" tests="5" name="com.selenium.tests.JavaScriptAlertsTest" time="9.476" errors="0" timestamp="2025-06-24T03:40:51 IST" skipped="4">
  <testcase classname="com.selenium.tests.JavaScriptAlertsTest" name="testJavaScriptConfirmAlertDismiss" time="9.476"/>
  <testcase classname="com.selenium.tests.JavaScriptAlertsTest" name="testJavaScriptConfirmAlertWithCSS">
    <skipped/>
  </testcase> <!-- testJavaScriptConfirmAlertWithCSS -->
  <testcase classname="com.selenium.tests.JavaScriptAlertsTest" name="testJavaScriptAlertAccept">
    <skipped/>
  </testcase> <!-- testJavaScriptAlertAccept -->
  <testcase classname="com.selenium.tests.JavaScriptAlertsTest" name="testPageElementsPresence">
    <skipped/>
  </testcase> <!-- testPageElementsPresence -->
  <testcase classname="com.selenium.tests.JavaScriptAlertsTest" name="testJavaScriptConfirmAlertAccept">
    <skipped/>
  </testcase> <!-- testJavaScriptConfirmAlertAccept -->
</testsuite> <!-- com.selenium.tests.JavaScriptAlertsTest -->
